<?xml version="1.0" encoding="UTF-8"?>
<!-- Generated by org.testng.reporters.JUnitReportReporter -->
<testsuite skipped="0" hostname="DESKTOP-FBFN071" name="flipWrapper.TestingBase" tests="1" failures="0" timestamp="2019-12-01T15:17:00 IST" time="2.185" errors="0">
  <testcase name="Run" time="2.185" classname="flipWrapper.TestingBase"/>
</testsuite> <!-- flipWrapper.TestingBase -->
